2019-06-03 22:36:08,772 ERROR com.osdepym.rest.server.BeneficiarioServiceREST [http-nio-8080-exec-2] ererereadssadsadsada asda sd adas das das dasd ada das das dasd asd adgfdgfdg
2019-06-03 22:38:38,473 ERROR org.springframework.boot.SpringApplication [main] Application run failed
java.lang.IllegalStateException: Logback configuration error detected: 
ERROR in ch.qos.logback.classic.joran.action.LoggerAction - No 'name' attribute in element logger, around line: 23, column: 46
ERROR in ch.qos.logback.core.joran.action.AppenderRefAction - Could not find an AppenderAttachable at the top of execution stack. Near [appender-ref] line 24
ERROR in ch.qos.logback.core.joran.action.AppenderRefAction - Could not find an AppenderAttachable at the top of execution stack. Near [appender-ref] line 25
ERROR in ch.qos.logback.classic.joran.action.LoggerAction - No 'name' attribute in element logger, around line: 27, column: 45
ERROR in ch.qos.logback.core.joran.action.AppenderRefAction - Could not find an AppenderAttachable at the top of execution stack. Near [appender-ref] line 28
ERROR in ch.qos.logback.core.joran.action.AppenderRefAction - Could not find an appender named [CONSOLE]. Did you define it below instead of above in the configuration file?
ERROR in ch.qos.logback.core.joran.action.AppenderRefAction - See http://logback.qos.ch/codes.html#appender_order for more details.
ERROR in ch.qos.logback.classic.joran.action.LoggerAction - No 'name' attribute in element logger, around line: 23, column: 46
ERROR in ch.qos.logback.core.joran.action.AppenderRefAction - Could not find an AppenderAttachable at the top of execution stack. Near [appender-ref] line 24
ERROR in ch.qos.logback.core.joran.action.AppenderRefAction - Could not find an AppenderAttachable at the top of execution stack. Near [appender-ref] line 25
ERROR in ch.qos.logback.classic.joran.action.LoggerAction - No 'name' attribute in element logger, around line: 27, column: 45
ERROR in ch.qos.logback.core.joran.action.AppenderRefAction - Could not find an AppenderAttachable at the top of execution stack. Near [appender-ref] line 28
ERROR in ch.qos.logback.core.joran.action.AppenderRefAction - Could not find an appender named [CONSOLE]. Did you define it below instead of above in the configuration file?
ERROR in ch.qos.logback.core.joran.action.AppenderRefAction - See http://logback.qos.ch/codes.html#appender_order for more details.
	at org.springframework.boot.logging.logback.LogbackLoggingSystem.loadConfiguration(LogbackLoggingSystem.java:169)
	at org.springframework.boot.logging.AbstractLoggingSystem.initializeWithConventions(AbstractLoggingSystem.java:82)
	at org.springframework.boot.logging.AbstractLoggingSystem.initialize(AbstractLoggingSystem.java:60)
	at org.springframework.boot.logging.logback.LogbackLoggingSystem.initialize(LogbackLoggingSystem.java:117)
	at org.springframework.boot.context.logging.LoggingApplicationListener.initializeSystem(LoggingApplicationListener.java:292)
	at org.springframework.boot.context.logging.LoggingApplicationListener.initialize(LoggingApplicationListener.java:265)
	at org.springframework.boot.context.logging.LoggingApplicationListener.onApplicationEnvironmentPreparedEvent(LoggingApplicationListener.java:228)
	at org.springframework.boot.context.logging.LoggingApplicationListener.onApplicationEvent(LoggingApplicationListener.java:201)
	at org.springframework.context.event.SimpleApplicationEventMulticaster.doInvokeListener(SimpleApplicationEventMulticaster.java:172)
	at org.springframework.context.event.SimpleApplicationEventMulticaster.invokeListener(SimpleApplicationEventMulticaster.java:165)
	at org.springframework.context.event.SimpleApplicationEventMulticaster.multicastEvent(SimpleApplicationEventMulticaster.java:139)
	at org.springframework.context.event.SimpleApplicationEventMulticaster.multicastEvent(SimpleApplicationEventMulticaster.java:127)
	at org.springframework.boot.context.event.EventPublishingRunListener.environmentPrepared(EventPublishingRunListener.java:75)
	at org.springframework.boot.SpringApplicationRunListeners.environmentPrepared(SpringApplicationRunListeners.java:54)
	at org.springframework.boot.SpringApplication.prepareEnvironment(SpringApplication.java:347)
	at org.springframework.boot.SpringApplication.run(SpringApplication.java:306)
	at org.springframework.boot.SpringApplication.run(SpringApplication.java:1260)
	at org.springframework.boot.SpringApplication.run(SpringApplication.java:1248)
	at com.osdepym.persona.rest.ApiModelopersonaRest1Application.main(ApiModelopersonaRest1Application.java:18)
2019-06-03 22:39:19,592 ERROR org.springframework.boot.SpringApplication [main] Application run failed
java.lang.IllegalStateException: Logback configuration error detected: 
ERROR in ch.qos.logback.core.joran.action.AppenderRefAction - Could not find an appender named [CONSOLE]. Did you define it below instead of above in the configuration file?
ERROR in ch.qos.logback.core.joran.action.AppenderRefAction - See http://logback.qos.ch/codes.html#appender_order for more details.
ERROR in ch.qos.logback.classic.joran.action.LoggerAction - No 'name' attribute in element logger, around line: 27, column: 45
ERROR in ch.qos.logback.core.joran.action.AppenderRefAction - Could not find an AppenderAttachable at the top of execution stack. Near [appender-ref] line 28
ERROR in ch.qos.logback.core.joran.action.AppenderRefAction - Could not find an appender named [CONSOLE]. Did you define it below instead of above in the configuration file?
ERROR in ch.qos.logback.core.joran.action.AppenderRefAction - See http://logback.qos.ch/codes.html#appender_order for more details.
ERROR in ch.qos.logback.core.joran.action.AppenderRefAction - Could not find an appender named [CONSOLE]. Did you define it below instead of above in the configuration file?
ERROR in ch.qos.logback.core.joran.action.AppenderRefAction - See http://logback.qos.ch/codes.html#appender_order for more details.
ERROR in ch.qos.logback.classic.joran.action.LoggerAction - No 'name' attribute in element logger, around line: 27, column: 45
ERROR in ch.qos.logback.core.joran.action.AppenderRefAction - Could not find an AppenderAttachable at the top of execution stack. Near [appender-ref] line 28
ERROR in ch.qos.logback.core.joran.action.AppenderRefAction - Could not find an appender named [CONSOLE]. Did you define it below instead of above in the configuration file?
ERROR in ch.qos.logback.core.joran.action.AppenderRefAction - See http://logback.qos.ch/codes.html#appender_order for more details.
	at org.springframework.boot.logging.logback.LogbackLoggingSystem.loadConfiguration(LogbackLoggingSystem.java:169)
	at org.springframework.boot.logging.AbstractLoggingSystem.initializeWithConventions(AbstractLoggingSystem.java:82)
	at org.springframework.boot.logging.AbstractLoggingSystem.initialize(AbstractLoggingSystem.java:60)
	at org.springframework.boot.logging.logback.LogbackLoggingSystem.initialize(LogbackLoggingSystem.java:117)
	at org.springframework.boot.context.logging.LoggingApplicationListener.initializeSystem(LoggingApplicationListener.java:292)
	at org.springframework.boot.context.logging.LoggingApplicationListener.initialize(LoggingApplicationListener.java:265)
	at org.springframework.boot.context.logging.LoggingApplicationListener.onApplicationEnvironmentPreparedEvent(LoggingApplicationListener.java:228)
	at org.springframework.boot.context.logging.LoggingApplicationListener.onApplicationEvent(LoggingApplicationListener.java:201)
	at org.springframework.context.event.SimpleApplicationEventMulticaster.doInvokeListener(SimpleApplicationEventMulticaster.java:172)
	at org.springframework.context.event.SimpleApplicationEventMulticaster.invokeListener(SimpleApplicationEventMulticaster.java:165)
	at org.springframework.context.event.SimpleApplicationEventMulticaster.multicastEvent(SimpleApplicationEventMulticaster.java:139)
	at org.springframework.context.event.SimpleApplicationEventMulticaster.multicastEvent(SimpleApplicationEventMulticaster.java:127)
	at org.springframework.boot.context.event.EventPublishingRunListener.environmentPrepared(EventPublishingRunListener.java:75)
	at org.springframework.boot.SpringApplicationRunListeners.environmentPrepared(SpringApplicationRunListeners.java:54)
	at org.springframework.boot.SpringApplication.prepareEnvironment(SpringApplication.java:347)
	at org.springframework.boot.SpringApplication.run(SpringApplication.java:306)
	at org.springframework.boot.SpringApplication.run(SpringApplication.java:1260)
	at org.springframework.boot.SpringApplication.run(SpringApplication.java:1248)
	at com.osdepym.persona.rest.ApiModelopersonaRest1Application.main(ApiModelopersonaRest1Application.java:18)
2019-06-03 22:39:35,769 ERROR org.springframework.boot.SpringApplication [main] Application run failed
java.lang.IllegalStateException: Logback configuration error detected: 
ERROR in ch.qos.logback.core.joran.action.AppenderRefAction - Could not find an appender named [CONSOLE]. Did you define it below instead of above in the configuration file?
ERROR in ch.qos.logback.core.joran.action.AppenderRefAction - See http://logback.qos.ch/codes.html#appender_order for more details.
ERROR in ch.qos.logback.classic.joran.action.LoggerAction - No 'name' attribute in element logger, around line: 27, column: 45
ERROR in ch.qos.logback.core.joran.action.AppenderRefAction - Could not find an AppenderAttachable at the top of execution stack. Near [appender-ref] line 28
ERROR in ch.qos.logback.core.joran.action.AppenderRefAction - Could not find an appender named [CONSOLE]. Did you define it below instead of above in the configuration file?
ERROR in ch.qos.logback.core.joran.action.AppenderRefAction - See http://logback.qos.ch/codes.html#appender_order for more details.
ERROR in ch.qos.logback.core.joran.action.AppenderRefAction - Could not find an appender named [CONSOLE]. Did you define it below instead of above in the configuration file?
ERROR in ch.qos.logback.core.joran.action.AppenderRefAction - See http://logback.qos.ch/codes.html#appender_order for more details.
ERROR in ch.qos.logback.classic.joran.action.LoggerAction - No 'name' attribute in element logger, around line: 27, column: 45
ERROR in ch.qos.logback.core.joran.action.AppenderRefAction - Could not find an AppenderAttachable at the top of execution stack. Near [appender-ref] line 28
ERROR in ch.qos.logback.core.joran.action.AppenderRefAction - Could not find an appender named [CONSOLE]. Did you define it below instead of above in the configuration file?
ERROR in ch.qos.logback.core.joran.action.AppenderRefAction - See http://logback.qos.ch/codes.html#appender_order for more details.
	at org.springframework.boot.logging.logback.LogbackLoggingSystem.loadConfiguration(LogbackLoggingSystem.java:169)
	at org.springframework.boot.logging.AbstractLoggingSystem.initializeWithConventions(AbstractLoggingSystem.java:82)
	at org.springframework.boot.logging.AbstractLoggingSystem.initialize(AbstractLoggingSystem.java:60)
	at org.springframework.boot.logging.logback.LogbackLoggingSystem.initialize(LogbackLoggingSystem.java:117)
	at org.springframework.boot.context.logging.LoggingApplicationListener.initializeSystem(LoggingApplicationListener.java:292)
	at org.springframework.boot.context.logging.LoggingApplicationListener.initialize(LoggingApplicationListener.java:265)
	at org.springframework.boot.context.logging.LoggingApplicationListener.onApplicationEnvironmentPreparedEvent(LoggingApplicationListener.java:228)
	at org.springframework.boot.context.logging.LoggingApplicationListener.onApplicationEvent(LoggingApplicationListener.java:201)
	at org.springframework.context.event.SimpleApplicationEventMulticaster.doInvokeListener(SimpleApplicationEventMulticaster.java:172)
	at org.springframework.context.event.SimpleApplicationEventMulticaster.invokeListener(SimpleApplicationEventMulticaster.java:165)
	at org.springframework.context.event.SimpleApplicationEventMulticaster.multicastEvent(SimpleApplicationEventMulticaster.java:139)
	at org.springframework.context.event.SimpleApplicationEventMulticaster.multicastEvent(SimpleApplicationEventMulticaster.java:127)
	at org.springframework.boot.context.event.EventPublishingRunListener.environmentPrepared(EventPublishingRunListener.java:75)
	at org.springframework.boot.SpringApplicationRunListeners.environmentPrepared(SpringApplicationRunListeners.java:54)
	at org.springframework.boot.SpringApplication.prepareEnvironment(SpringApplication.java:347)
	at org.springframework.boot.SpringApplication.run(SpringApplication.java:306)
	at org.springframework.boot.SpringApplication.run(SpringApplication.java:1260)
	at org.springframework.boot.SpringApplication.run(SpringApplication.java:1248)
	at com.osdepym.persona.rest.ApiModelopersonaRest1Application.main(ApiModelopersonaRest1Application.java:18)
2019-06-03 22:40:44,813 ERROR org.springframework.boot.SpringApplication [main] Application run failed
java.lang.IllegalStateException: Logback configuration error detected: 
ERROR in ch.qos.logback.classic.joran.action.LoggerAction - No 'name' attribute in element logger, around line: 34, column: 45
ERROR in ch.qos.logback.core.joran.action.AppenderRefAction - Could not find an AppenderAttachable at the top of execution stack. Near [appender-ref] line 35
ERROR in ch.qos.logback.classic.joran.action.LoggerAction - No 'name' attribute in element logger, around line: 34, column: 45
ERROR in ch.qos.logback.core.joran.action.AppenderRefAction - Could not find an AppenderAttachable at the top of execution stack. Near [appender-ref] line 35
	at org.springframework.boot.logging.logback.LogbackLoggingSystem.loadConfiguration(LogbackLoggingSystem.java:169)
	at org.springframework.boot.logging.AbstractLoggingSystem.initializeWithConventions(AbstractLoggingSystem.java:82)
	at org.springframework.boot.logging.AbstractLoggingSystem.initialize(AbstractLoggingSystem.java:60)
	at org.springframework.boot.logging.logback.LogbackLoggingSystem.initialize(LogbackLoggingSystem.java:117)
	at org.springframework.boot.context.logging.LoggingApplicationListener.initializeSystem(LoggingApplicationListener.java:292)
	at org.springframework.boot.context.logging.LoggingApplicationListener.initialize(LoggingApplicationListener.java:265)
	at org.springframework.boot.context.logging.LoggingApplicationListener.onApplicationEnvironmentPreparedEvent(LoggingApplicationListener.java:228)
	at org.springframework.boot.context.logging.LoggingApplicationListener.onApplicationEvent(LoggingApplicationListener.java:201)
	at org.springframework.context.event.SimpleApplicationEventMulticaster.doInvokeListener(SimpleApplicationEventMulticaster.java:172)
	at org.springframework.context.event.SimpleApplicationEventMulticaster.invokeListener(SimpleApplicationEventMulticaster.java:165)
	at org.springframework.context.event.SimpleApplicationEventMulticaster.multicastEvent(SimpleApplicationEventMulticaster.java:139)
	at org.springframework.context.event.SimpleApplicationEventMulticaster.multicastEvent(SimpleApplicationEventMulticaster.java:127)
	at org.springframework.boot.context.event.EventPublishingRunListener.environmentPrepared(EventPublishingRunListener.java:75)
	at org.springframework.boot.SpringApplicationRunListeners.environmentPrepared(SpringApplicationRunListeners.java:54)
	at org.springframework.boot.SpringApplication.prepareEnvironment(SpringApplication.java:347)
	at org.springframework.boot.SpringApplication.run(SpringApplication.java:306)
	at org.springframework.boot.SpringApplication.run(SpringApplication.java:1260)
	at org.springframework.boot.SpringApplication.run(SpringApplication.java:1248)
	at com.osdepym.persona.rest.ApiModelopersonaRest1Application.main(ApiModelopersonaRest1Application.java:18)
2019-06-03 22:44:05,644 ERROR org.springframework.boot.SpringApplication [main] Application run failed
java.lang.IllegalStateException: Logback configuration error detected: 
ERROR in ch.qos.logback.classic.joran.action.LoggerAction - No 'name' attribute in element logger, around line: 34, column: 45
ERROR in ch.qos.logback.core.joran.action.AppenderRefAction - Could not find an AppenderAttachable at the top of execution stack. Near [appender-ref] line 35
ERROR in ch.qos.logback.classic.joran.action.LoggerAction - No 'name' attribute in element logger, around line: 34, column: 45
ERROR in ch.qos.logback.core.joran.action.AppenderRefAction - Could not find an AppenderAttachable at the top of execution stack. Near [appender-ref] line 35
	at org.springframework.boot.logging.logback.LogbackLoggingSystem.loadConfiguration(LogbackLoggingSystem.java:169)
	at org.springframework.boot.logging.AbstractLoggingSystem.initializeWithConventions(AbstractLoggingSystem.java:82)
	at org.springframework.boot.logging.AbstractLoggingSystem.initialize(AbstractLoggingSystem.java:60)
	at org.springframework.boot.logging.logback.LogbackLoggingSystem.initialize(LogbackLoggingSystem.java:117)
	at org.springframework.boot.context.logging.LoggingApplicationListener.initializeSystem(LoggingApplicationListener.java:292)
	at org.springframework.boot.context.logging.LoggingApplicationListener.initialize(LoggingApplicationListener.java:265)
	at org.springframework.boot.context.logging.LoggingApplicationListener.onApplicationEnvironmentPreparedEvent(LoggingApplicationListener.java:228)
	at org.springframework.boot.context.logging.LoggingApplicationListener.onApplicationEvent(LoggingApplicationListener.java:201)
	at org.springframework.context.event.SimpleApplicationEventMulticaster.doInvokeListener(SimpleApplicationEventMulticaster.java:172)
	at org.springframework.context.event.SimpleApplicationEventMulticaster.invokeListener(SimpleApplicationEventMulticaster.java:165)
	at org.springframework.context.event.SimpleApplicationEventMulticaster.multicastEvent(SimpleApplicationEventMulticaster.java:139)
	at org.springframework.context.event.SimpleApplicationEventMulticaster.multicastEvent(SimpleApplicationEventMulticaster.java:127)
	at org.springframework.boot.context.event.EventPublishingRunListener.environmentPrepared(EventPublishingRunListener.java:75)
	at org.springframework.boot.SpringApplicationRunListeners.environmentPrepared(SpringApplicationRunListeners.java:54)
	at org.springframework.boot.SpringApplication.prepareEnvironment(SpringApplication.java:347)
	at org.springframework.boot.SpringApplication.run(SpringApplication.java:306)
	at org.springframework.boot.SpringApplication.run(SpringApplication.java:1260)
	at org.springframework.boot.SpringApplication.run(SpringApplication.java:1248)
	at com.osdepym.persona.rest.ApiModelopersonaRest1Application.main(ApiModelopersonaRest1Application.java:18)
2019-06-03 22:47:14,156 ERROR org.springframework.boot.SpringApplication [main] Application run failed
java.lang.IllegalStateException: Logback configuration error detected: 
ERROR in ch.qos.logback.classic.joran.action.LoggerAction - No 'name' attribute in element logger, around line: 34, column: 45
ERROR in ch.qos.logback.core.joran.action.AppenderRefAction - Could not find an AppenderAttachable at the top of execution stack. Near [appender-ref] line 35
ERROR in ch.qos.logback.classic.joran.action.LoggerAction - No 'name' attribute in element logger, around line: 34, column: 45
ERROR in ch.qos.logback.core.joran.action.AppenderRefAction - Could not find an AppenderAttachable at the top of execution stack. Near [appender-ref] line 35
	at org.springframework.boot.logging.logback.LogbackLoggingSystem.loadConfiguration(LogbackLoggingSystem.java:169)
	at org.springframework.boot.logging.AbstractLoggingSystem.initializeWithConventions(AbstractLoggingSystem.java:82)
	at org.springframework.boot.logging.AbstractLoggingSystem.initialize(AbstractLoggingSystem.java:60)
	at org.springframework.boot.logging.logback.LogbackLoggingSystem.initialize(LogbackLoggingSystem.java:117)
	at org.springframework.boot.context.logging.LoggingApplicationListener.initializeSystem(LoggingApplicationListener.java:292)
	at org.springframework.boot.context.logging.LoggingApplicationListener.initialize(LoggingApplicationListener.java:265)
	at org.springframework.boot.context.logging.LoggingApplicationListener.onApplicationEnvironmentPreparedEvent(LoggingApplicationListener.java:228)
	at org.springframework.boot.context.logging.LoggingApplicationListener.onApplicationEvent(LoggingApplicationListener.java:201)
	at org.springframework.context.event.SimpleApplicationEventMulticaster.doInvokeListener(SimpleApplicationEventMulticaster.java:172)
	at org.springframework.context.event.SimpleApplicationEventMulticaster.invokeListener(SimpleApplicationEventMulticaster.java:165)
	at org.springframework.context.event.SimpleApplicationEventMulticaster.multicastEvent(SimpleApplicationEventMulticaster.java:139)
	at org.springframework.context.event.SimpleApplicationEventMulticaster.multicastEvent(SimpleApplicationEventMulticaster.java:127)
	at org.springframework.boot.context.event.EventPublishingRunListener.environmentPrepared(EventPublishingRunListener.java:75)
	at org.springframework.boot.SpringApplicationRunListeners.environmentPrepared(SpringApplicationRunListeners.java:54)
	at org.springframework.boot.SpringApplication.prepareEnvironment(SpringApplication.java:347)
	at org.springframework.boot.SpringApplication.run(SpringApplication.java:306)
	at org.springframework.boot.SpringApplication.run(SpringApplication.java:1260)
	at org.springframework.boot.SpringApplication.run(SpringApplication.java:1248)
	at com.osdepym.persona.rest.ApiModelopersonaRest1Application.main(ApiModelopersonaRest1Application.java:18)
2019-06-03 22:48:15,872 ERROR org.springframework.boot.SpringApplication [main] Application run failed
java.lang.IllegalStateException: Logback configuration error detected: 
ERROR in ch.qos.logback.classic.joran.action.LoggerAction - No 'name' attribute in element logger, around line: 33, column: 45
ERROR in ch.qos.logback.core.joran.action.AppenderRefAction - Could not find an AppenderAttachable at the top of execution stack. Near [appender-ref] line 34
ERROR in ch.qos.logback.classic.joran.action.LoggerAction - No 'name' attribute in element logger, around line: 33, column: 45
ERROR in ch.qos.logback.core.joran.action.AppenderRefAction - Could not find an AppenderAttachable at the top of execution stack. Near [appender-ref] line 34
	at org.springframework.boot.logging.logback.LogbackLoggingSystem.loadConfiguration(LogbackLoggingSystem.java:169)
	at org.springframework.boot.logging.AbstractLoggingSystem.initializeWithConventions(AbstractLoggingSystem.java:82)
	at org.springframework.boot.logging.AbstractLoggingSystem.initialize(AbstractLoggingSystem.java:60)
	at org.springframework.boot.logging.logback.LogbackLoggingSystem.initialize(LogbackLoggingSystem.java:117)
	at org.springframework.boot.context.logging.LoggingApplicationListener.initializeSystem(LoggingApplicationListener.java:292)
	at org.springframework.boot.context.logging.LoggingApplicationListener.initialize(LoggingApplicationListener.java:265)
	at org.springframework.boot.context.logging.LoggingApplicationListener.onApplicationEnvironmentPreparedEvent(LoggingApplicationListener.java:228)
	at org.springframework.boot.context.logging.LoggingApplicationListener.onApplicationEvent(LoggingApplicationListener.java:201)
	at org.springframework.context.event.SimpleApplicationEventMulticaster.doInvokeListener(SimpleApplicationEventMulticaster.java:172)
	at org.springframework.context.event.SimpleApplicationEventMulticaster.invokeListener(SimpleApplicationEventMulticaster.java:165)
	at org.springframework.context.event.SimpleApplicationEventMulticaster.multicastEvent(SimpleApplicationEventMulticaster.java:139)
	at org.springframework.context.event.SimpleApplicationEventMulticaster.multicastEvent(SimpleApplicationEventMulticaster.java:127)
	at org.springframework.boot.context.event.EventPublishingRunListener.environmentPrepared(EventPublishingRunListener.java:75)
	at org.springframework.boot.SpringApplicationRunListeners.environmentPrepared(SpringApplicationRunListeners.java:54)
	at org.springframework.boot.SpringApplication.prepareEnvironment(SpringApplication.java:347)
	at org.springframework.boot.SpringApplication.run(SpringApplication.java:306)
	at org.springframework.boot.SpringApplication.run(SpringApplication.java:1260)
	at org.springframework.boot.SpringApplication.run(SpringApplication.java:1248)
	at com.osdepym.persona.rest.ApiModelopersonaRest1Application.main(ApiModelopersonaRest1Application.java:18)
2019-06-03 22:49:19,616 INFO com.osdepym.persona.rest.ApiModelopersonaRest1Application [main] Starting ApiModelopersonaRest1Application on DESKTOP-N379CIV with PID 11472 (started by Agustin in C:\Users\Agustin\Documents\Java Workspaces\OSDEPYM\api-modelopersona-rest-1)
2019-06-03 22:49:19,618 DEBUG com.osdepym.persona.rest.ApiModelopersonaRest1Application [main] Running with Spring Boot v2.1.4.RELEASE, Spring v5.1.6.RELEASE
2019-06-03 22:49:19,618 INFO com.osdepym.persona.rest.ApiModelopersonaRest1Application [main] No active profile set, falling back to default profiles: default
2019-06-03 22:49:22,406 INFO com.osdepym.persona.rest.ApiModelopersonaRest1Application [main] Started ApiModelopersonaRest1Application in 3.002 seconds (JVM running for 3.665)
2019-06-03 22:49:30,343 ERROR com.osdepym.rest.server.BeneficiarioServiceREST [http-nio-8080-exec-2] ererereadssadsadsada asda sd adas das das dasd ada das das dasd asd adgfdgfdg
2019-06-03 23:02:14,249 INFO com.osdepym.persona.rest.ApiModelopersonaRest1Application [main] Starting ApiModelopersonaRest1Application on DESKTOP-N379CIV with PID 17620 (started by Agustin in C:\Users\Agustin\Documents\Java Workspaces\OSDEPYM\api-modelopersona-rest)
2019-06-03 23:02:14,263 DEBUG com.osdepym.persona.rest.ApiModelopersonaRest1Application [main] Running with Spring Boot v2.1.4.RELEASE, Spring v5.1.6.RELEASE
2019-06-03 23:02:14,263 INFO com.osdepym.persona.rest.ApiModelopersonaRest1Application [main] No active profile set, falling back to default profiles: default
2019-06-03 23:02:16,986 INFO com.osdepym.persona.rest.ApiModelopersonaRest1Application [main] Started ApiModelopersonaRest1Application in 2.956 seconds (JVM running for 3.614)
